This file contains any messages produced by compilers while
running configure, to aid debugging if configure makes a mistake.

It was created by Photos C++ Interface - examples configure 1.0.0, which was
generated by GNU Autoconf 2.59.  Invocation command line was

  $ ./configure 

## --------- ##
## Platform. ##
## --------- ##

hostname = neowulf
uname -m = x86_64
uname -r = 3.2.0-4-amd64
uname -s = Linux
uname -v = #1 SMP Debian 3.2.65-1+deb7u1

/usr/bin/uname -p = unknown
/bin/uname -X     = unknown

/bin/arch              = unknown
/usr/bin/arch -k       = unknown
/usr/convex/getsysinfo = unknown
hostinfo               = unknown
/bin/machine           = unknown
/usr/bin/oslevel       = unknown
/bin/universe          = unknown

PATH: /usr/local/bin
PATH: /usr/bin
PATH: /bin
PATH: /usr/local/games
PATH: /usr/games
PATH: /usr/local/maui/bin
PATH: /usr/local/maui/sbin


## ----------- ##
## Core tests. ##
## ----------- ##

configure:1333: checking if Photos location defined
configure:1344: result: /home/fulvio/POWHEG-BOX-V2/W_ew-BMNNP/PHOTOS (automatic)
configure:1393: checking if Tauola location defined
configure:1404: result: 
configure:1407: checking if MC-TESTER location defined
configure:1418: result: 
configure:1421: checking if Pythia 8 location defined
configure:1432: result: 
configure:1436: checking if HepMC location is defined
configure:1447: result: 
configure:1507: checking for g++
configure:1523: found /usr/bin/g++
configure:1533: result: g++
configure:1549: checking for C++ compiler version
configure:1552: g++ --version </dev/null >&5
g++ (Debian 4.7.2-5) 4.7.2
Copyright (C) 2012 Free Software Foundation, Inc.
This is free software; see the source for copying conditions.  There is NO
warranty; not even for MERCHANTABILITY or FITNESS FOR A PARTICULAR PURPOSE.

configure:1555: $? = 0
configure:1557: g++ -v </dev/null >&5
Using built-in specs.
COLLECT_GCC=g++
COLLECT_LTO_WRAPPER=/usr/lib/gcc/x86_64-linux-gnu/4.7/lto-wrapper
Target: x86_64-linux-gnu
Configured with: ../src/configure -v --with-pkgversion='Debian 4.7.2-5' --with-bugurl=file:///usr/share/doc/gcc-4.7/README.Bugs --enable-languages=c,c++,go,fortran,objc,obj-c++ --prefix=/usr --program-suffix=-4.7 --enable-shared --enable-linker-build-id --with-system-zlib --libexecdir=/usr/lib --without-included-gettext --enable-threads=posix --with-gxx-include-dir=/usr/include/c++/4.7 --libdir=/usr/lib --enable-nls --with-sysroot=/ --enable-clocale=gnu --enable-libstdcxx-debug --enable-libstdcxx-time=yes --enable-gnu-unique-object --enable-plugin --enable-objc-gc --with-arch-32=i586 --with-tune=generic --enable-checking=release --build=x86_64-linux-gnu --host=x86_64-linux-gnu --target=x86_64-linux-gnu
Thread model: posix
gcc version 4.7.2 (Debian 4.7.2-5) 
configure:1560: $? = 0
configure:1562: g++ -V </dev/null >&5
g++: error: unrecognized command line option '-V'
g++: fatal error: no input files
compilation terminated.
configure:1565: $? = 4
configure:1588: checking for C++ compiler default output file name
configure:1591: g++  -I/include   conftest.cc  >&5
configure:1594: $? = 0
configure:1640: result: a.out
configure:1645: checking whether the C++ compiler works
configure:1651: ./a.out
configure:1654: $? = 0
configure:1671: result: yes
configure:1678: checking whether we are cross compiling
configure:1680: result: no
configure:1683: checking for suffix of executables
configure:1685: g++ -o conftest  -I/include   conftest.cc  >&5
configure:1688: $? = 0
configure:1713: result: 
configure:1719: checking for suffix of object files
configure:1740: g++ -c  -I/include  conftest.cc >&5
configure:1743: $? = 0
configure:1765: result: o
configure:1769: checking whether we are using the GNU C++ compiler
configure:1793: g++ -c  -I/include  conftest.cc >&5
configure:1799: $? = 0
configure:1803: test -z 
			 || test ! -s conftest.err
configure:1806: $? = 0
configure:1809: test -s conftest.o
configure:1812: $? = 0
configure:1825: result: yes
configure:1831: checking whether g++ accepts -g
configure:1852: g++ -c -g -I/include  conftest.cc >&5
configure:1858: $? = 0
configure:1862: test -z 
			 || test ! -s conftest.err
configure:1865: $? = 0
configure:1868: test -s conftest.o
configure:1871: $? = 0
configure:1882: result: yes
configure:1924: g++ -c -g -O2 -I/include  conftest.cc >&5
configure:1930: $? = 0
configure:1934: test -z 
			 || test ! -s conftest.err
configure:1937: $? = 0
configure:1940: test -s conftest.o
configure:1943: $? = 0
configure:1969: g++ -c -g -O2 -I/include  conftest.cc >&5
conftest.cc: In function 'int main()':
conftest.cc:13:9: error: 'exit' was not declared in this scope
configure:1975: $? = 1
configure: failed program was:
| /* confdefs.h.  */
| 
| #define PACKAGE_NAME "Photos C++ Interface - examples"
| #define PACKAGE_TARNAME "photos-c---interface---examples"
| #define PACKAGE_VERSION "1.0.0"
| #define PACKAGE_STRING "Photos C++ Interface - examples 1.0.0"
| #define PACKAGE_BUGREPORT "tomasz.przedzinski@uj.edu.pl "
| /* end confdefs.h.  */
| 
| int
| main ()
| {
| exit (42);
|   ;
|   return 0;
| }
configure:1924: g++ -c -g -O2 -I/include  conftest.cc >&5
conftest.cc:9:40: error: 'void std::exit(int)' should have been declared inside 'std'
configure:1930: $? = 1
configure: failed program was:
| /* confdefs.h.  */
| 
| #define PACKAGE_NAME "Photos C++ Interface - examples"
| #define PACKAGE_TARNAME "photos-c---interface---examples"
| #define PACKAGE_VERSION "1.0.0"
| #define PACKAGE_STRING "Photos C++ Interface - examples 1.0.0"
| #define PACKAGE_BUGREPORT "tomasz.przedzinski@uj.edu.pl "
| /* end confdefs.h.  */
| extern "C" void std::exit (int) throw (); using std::exit;
| #include <stdlib.h>
| int
| main ()
| {
| exit (42);
|   ;
|   return 0;
| }
configure:1924: g++ -c -g -O2 -I/include  conftest.cc >&5
conftest.cc:9:31: error: 'void std::exit(int)' should have been declared inside 'std'
In file included from conftest.cc:10:0:
/usr/include/stdlib.h:544:70: error: declaration of 'void std::exit(int) throw ()' has a different exception specifier
conftest.cc:9:17: error: from previous declaration 'void std::exit(int)'
configure:1930: $? = 1
configure: failed program was:
| /* confdefs.h.  */
| 
| #define PACKAGE_NAME "Photos C++ Interface - examples"
| #define PACKAGE_TARNAME "photos-c---interface---examples"
| #define PACKAGE_VERSION "1.0.0"
| #define PACKAGE_STRING "Photos C++ Interface - examples 1.0.0"
| #define PACKAGE_BUGREPORT "tomasz.przedzinski@uj.edu.pl "
| /* end confdefs.h.  */
| extern "C" void std::exit (int); using std::exit;
| #include <stdlib.h>
| int
| main ()
| {
| exit (42);
|   ;
|   return 0;
| }
configure:1924: g++ -c -g -O2 -I/include  conftest.cc >&5
configure:1930: $? = 0
configure:1934: test -z 
			 || test ! -s conftest.err
configure:1937: $? = 0
configure:1940: test -s conftest.o
configure:1943: $? = 0
configure:1969: g++ -c -g -O2 -I/include  conftest.cc >&5
configure:1975: $? = 0
configure:1979: test -z 
			 || test ! -s conftest.err
configure:1982: $? = 0
configure:1985: test -s conftest.o
configure:1988: $? = 0
configure:2017: checking how to run the C++ preprocessor
configure:2048: g++ -E -I/include  conftest.cc
configure:2054: $? = 0
configure:2086: g++ -E -I/include  conftest.cc
conftest.cc:12:28: fatal error: ac_nonexistent.h: No such file or directory
compilation terminated.
configure:2092: $? = 1
configure: failed program was:
| /* confdefs.h.  */
| 
| #define PACKAGE_NAME "Photos C++ Interface - examples"
| #define PACKAGE_TARNAME "photos-c---interface---examples"
| #define PACKAGE_VERSION "1.0.0"
| #define PACKAGE_STRING "Photos C++ Interface - examples 1.0.0"
| #define PACKAGE_BUGREPORT "tomasz.przedzinski@uj.edu.pl "
| #ifdef __cplusplus
| extern "C" void exit (int) throw ();
| #endif
| /* end confdefs.h.  */
| #include <ac_nonexistent.h>
configure:2131: result: g++ -E
configure:2155: g++ -E -I/include  conftest.cc
configure:2161: $? = 0
configure:2193: g++ -E -I/include  conftest.cc
conftest.cc:12:28: fatal error: ac_nonexistent.h: No such file or directory
compilation terminated.
configure:2199: $? = 1
configure: failed program was:
| /* confdefs.h.  */
| 
| #define PACKAGE_NAME "Photos C++ Interface - examples"
| #define PACKAGE_TARNAME "photos-c---interface---examples"
| #define PACKAGE_VERSION "1.0.0"
| #define PACKAGE_STRING "Photos C++ Interface - examples 1.0.0"
| #define PACKAGE_BUGREPORT "tomasz.przedzinski@uj.edu.pl "
| #ifdef __cplusplus
| extern "C" void exit (int) throw ();
| #endif
| /* end confdefs.h.  */
| #include <ac_nonexistent.h>
configure:2243: checking for egrep
configure:2253: result: grep -E
configure:2258: checking for ANSI C header files
configure:2283: g++ -c -g -O2 -I/include  conftest.cc >&5
configure:2289: $? = 0
configure:2293: test -z 
			 || test ! -s conftest.err
configure:2296: $? = 0
configure:2299: test -s conftest.o
configure:2302: $? = 0
configure:2391: g++ -o conftest -g -O2 -I/include   conftest.cc  >&5
configure:2394: $? = 0
configure:2396: ./conftest
configure:2399: $? = 0
configure:2414: result: yes
configure:2438: checking for sys/types.h
configure:2454: g++ -c -g -O2 -I/include  conftest.cc >&5
configure:2460: $? = 0
configure:2464: test -z 
			 || test ! -s conftest.err
configure:2467: $? = 0
configure:2470: test -s conftest.o
configure:2473: $? = 0
configure:2484: result: yes
configure:2438: checking for sys/stat.h
configure:2454: g++ -c -g -O2 -I/include  conftest.cc >&5
configure:2460: $? = 0
configure:2464: test -z 
			 || test ! -s conftest.err
configure:2467: $? = 0
configure:2470: test -s conftest.o
configure:2473: $? = 0
configure:2484: result: yes
configure:2438: checking for stdlib.h
configure:2454: g++ -c -g -O2 -I/include  conftest.cc >&5
configure:2460: $? = 0
configure:2464: test -z 
			 || test ! -s conftest.err
configure:2467: $? = 0
configure:2470: test -s conftest.o
configure:2473: $? = 0
configure:2484: result: yes
configure:2438: checking for string.h
configure:2454: g++ -c -g -O2 -I/include  conftest.cc >&5
configure:2460: $? = 0
configure:2464: test -z 
			 || test ! -s conftest.err
configure:2467: $? = 0
configure:2470: test -s conftest.o
configure:2473: $? = 0
configure:2484: result: yes
configure:2438: checking for memory.h
configure:2454: g++ -c -g -O2 -I/include  conftest.cc >&5
configure:2460: $? = 0
configure:2464: test -z 
			 || test ! -s conftest.err
configure:2467: $? = 0
configure:2470: test -s conftest.o
configure:2473: $? = 0
configure:2484: result: yes
configure:2438: checking for strings.h
configure:2454: g++ -c -g -O2 -I/include  conftest.cc >&5
configure:2460: $? = 0
configure:2464: test -z 
			 || test ! -s conftest.err
configure:2467: $? = 0
configure:2470: test -s conftest.o
configure:2473: $? = 0
configure:2484: result: yes
configure:2438: checking for inttypes.h
configure:2454: g++ -c -g -O2 -I/include  conftest.cc >&5
configure:2460: $? = 0
configure:2464: test -z 
			 || test ! -s conftest.err
configure:2467: $? = 0
configure:2470: test -s conftest.o
configure:2473: $? = 0
configure:2484: result: yes
configure:2438: checking for stdint.h
configure:2454: g++ -c -g -O2 -I/include  conftest.cc >&5
configure:2460: $? = 0
configure:2464: test -z 
			 || test ! -s conftest.err
configure:2467: $? = 0
configure:2470: test -s conftest.o
configure:2473: $? = 0
configure:2484: result: yes
configure:2438: checking for unistd.h
configure:2454: g++ -c -g -O2 -I/include  conftest.cc >&5
configure:2460: $? = 0
configure:2464: test -z 
			 || test ! -s conftest.err
configure:2467: $? = 0
configure:2470: test -s conftest.o
configure:2473: $? = 0
configure:2484: result: yes
configure:2510: checking HepMC/Version.h usability
configure:2522: g++ -c -g -O2 -I/include  conftest.cc >&5
configure:2528: $? = 0
configure:2532: test -z 
			 || test ! -s conftest.err
configure:2535: $? = 0
configure:2538: test -s conftest.o
configure:2541: $? = 0
configure:2551: result: yes
configure:2555: checking HepMC/Version.h presence
configure:2565: g++ -E -I/include  conftest.cc
configure:2571: $? = 0
configure:2591: result: yes
configure:2626: checking for HepMC/Version.h
configure:2633: result: yes
configure:2669: checking Photos/Photos.h usability
configure:2681: g++ -c -g -O2 -I/home/fulvio/POWHEG-BOX-V2/W_ew-BMNNP/PHOTOS/include -I/include  conftest.cc >&5
configure:2687: $? = 0
configure:2691: test -z 
			 || test ! -s conftest.err
configure:2694: $? = 0
configure:2697: test -s conftest.o
configure:2700: $? = 0
configure:2710: result: yes
configure:2714: checking Photos/Photos.h presence
configure:2724: g++ -E -I/home/fulvio/POWHEG-BOX-V2/W_ew-BMNNP/PHOTOS/include -I/include  conftest.cc
configure:2730: $? = 0
configure:2750: result: yes
configure:2785: checking for Photos/Photos.h
configure:2792: result: yes
configure:2823: checking Tauola/Tauola.h usability
configure:2835: g++ -c -g -O2 -I/include -I/home/fulvio/POWHEG-BOX-V2/W_ew-BMNNP/PHOTOS/include -I/include  conftest.cc >&5
conftest.cc:57:27: fatal error: Tauola/Tauola.h: No such file or directory
compilation terminated.
configure:2841: $? = 1
configure: failed program was:
| /* confdefs.h.  */
| 
| #define PACKAGE_NAME "Photos C++ Interface - examples"
| #define PACKAGE_TARNAME "photos-c---interface---examples"
| #define PACKAGE_VERSION "1.0.0"
| #define PACKAGE_STRING "Photos C++ Interface - examples 1.0.0"
| #define PACKAGE_BUGREPORT "tomasz.przedzinski@uj.edu.pl "
| #ifdef __cplusplus
| extern "C" void exit (int) throw ();
| #endif
| #define STDC_HEADERS 1
| #define HAVE_SYS_TYPES_H 1
| #define HAVE_SYS_STAT_H 1
| #define HAVE_STDLIB_H 1
| #define HAVE_STRING_H 1
| #define HAVE_MEMORY_H 1
| #define HAVE_STRINGS_H 1
| #define HAVE_INTTYPES_H 1
| #define HAVE_STDINT_H 1
| #define HAVE_UNISTD_H 1
| #define HAVE_HEPMC_VERSION_H 1
| /* end confdefs.h.  */
| #include <stdio.h>
| #if HAVE_SYS_TYPES_H
| # include <sys/types.h>
| #endif
| #if HAVE_SYS_STAT_H
| # include <sys/stat.h>
| #endif
| #if STDC_HEADERS
| # include <stdlib.h>
| # include <stddef.h>
| #else
| # if HAVE_STDLIB_H
| #  include <stdlib.h>
| # endif
| #endif
| #if HAVE_STRING_H
| # if !STDC_HEADERS && HAVE_MEMORY_H
| #  include <memory.h>
| # endif
| # include <string.h>
| #endif
| #if HAVE_STRINGS_H
| # include <strings.h>
| #endif
| #if HAVE_INTTYPES_H
| # include <inttypes.h>
| #else
| # if HAVE_STDINT_H
| #  include <stdint.h>
| # endif
| #endif
| #if HAVE_UNISTD_H
| # include <unistd.h>
| #endif
| #include <Tauola/Tauola.h>
configure:2864: result: no
configure:2868: checking Tauola/Tauola.h presence
configure:2878: g++ -E -I/include -I/home/fulvio/POWHEG-BOX-V2/W_ew-BMNNP/PHOTOS/include -I/include  conftest.cc
conftest.cc:23:27: fatal error: Tauola/Tauola.h: No such file or directory
compilation terminated.
configure:2884: $? = 1
configure: failed program was:
| /* confdefs.h.  */
| 
| #define PACKAGE_NAME "Photos C++ Interface - examples"
| #define PACKAGE_TARNAME "photos-c---interface---examples"
| #define PACKAGE_VERSION "1.0.0"
| #define PACKAGE_STRING "Photos C++ Interface - examples 1.0.0"
| #define PACKAGE_BUGREPORT "tomasz.przedzinski@uj.edu.pl "
| #ifdef __cplusplus
| extern "C" void exit (int) throw ();
| #endif
| #define STDC_HEADERS 1
| #define HAVE_SYS_TYPES_H 1
| #define HAVE_SYS_STAT_H 1
| #define HAVE_STDLIB_H 1
| #define HAVE_STRING_H 1
| #define HAVE_MEMORY_H 1
| #define HAVE_STRINGS_H 1
| #define HAVE_INTTYPES_H 1
| #define HAVE_STDINT_H 1
| #define HAVE_UNISTD_H 1
| #define HAVE_HEPMC_VERSION_H 1
| /* end confdefs.h.  */
| #include <Tauola/Tauola.h>
configure:2904: result: no
configure:2939: checking for Tauola/Tauola.h
configure:2946: result: no
configure:2968: checking for root-config
configure:2984: found /usr/local/bin/root-config
configure:2995: result: yes
configure:3015: checking for root
configure:3031: found /usr/local/bin/root
configure:3042: result: yes
configure:3067: checking TROOT.h usability
configure:3079: g++ -c -g -O2 -L/usr/local/lib/root -lGui -lCore -lCint -lRIO -lNet -lHist -lGraf -lGraf3d -lGpad -lTree -lRint -lPostscript -lMatrix -lPhysics -lMathCore -lThread -pthread -lm -ldl -rdynamic -pthread -m64 -I/usr/local/include/root -I/include -I/home/fulvio/POWHEG-BOX-V2/W_ew-BMNNP/PHOTOS/include -I/include  conftest.cc >&5
configure:3085: $? = 0
configure:3089: test -z 
			 || test ! -s conftest.err
configure:3092: $? = 0
configure:3095: test -s conftest.o
configure:3098: $? = 0
configure:3108: result: yes
configure:3112: checking TROOT.h presence
configure:3122: g++ -E -L/usr/local/lib/root -lGui -lCore -lCint -lRIO -lNet -lHist -lGraf -lGraf3d -lGpad -lTree -lRint -lPostscript -lMatrix -lPhysics -lMathCore -lThread -pthread -lm -ldl -rdynamic -pthread -m64 -I/usr/local/include/root -I/include -I/home/fulvio/POWHEG-BOX-V2/W_ew-BMNNP/PHOTOS/include -I/include  conftest.cc
configure:3128: $? = 0
configure:3148: result: yes
configure:3183: checking for TROOT.h
configure:3190: result: yes
configure:3229: checking Generate.h usability
configure:3241: g++ -c -g -O2 -I/include -L/usr/local/lib/root -lGui -lCore -lCint -lRIO -lNet -lHist -lGraf -lGraf3d -lGpad -lTree -lRint -lPostscript -lMatrix -lPhysics -lMathCore -lThread -pthread -lm -ldl -rdynamic -pthread -m64 -I/usr/local/include/root -I/include -I/home/fulvio/POWHEG-BOX-V2/W_ew-BMNNP/PHOTOS/include -I/include  conftest.cc >&5
conftest.cc:57:22: fatal error: Generate.h: No such file or directory
compilation terminated.
configure:3247: $? = 1
configure: failed program was:
| /* confdefs.h.  */
| 
| #define PACKAGE_NAME "Photos C++ Interface - examples"
| #define PACKAGE_TARNAME "photos-c---interface---examples"
| #define PACKAGE_VERSION "1.0.0"
| #define PACKAGE_STRING "Photos C++ Interface - examples 1.0.0"
| #define PACKAGE_BUGREPORT "tomasz.przedzinski@uj.edu.pl "
| #ifdef __cplusplus
| extern "C" void exit (int) throw ();
| #endif
| #define STDC_HEADERS 1
| #define HAVE_SYS_TYPES_H 1
| #define HAVE_SYS_STAT_H 1
| #define HAVE_STDLIB_H 1
| #define HAVE_STRING_H 1
| #define HAVE_MEMORY_H 1
| #define HAVE_STRINGS_H 1
| #define HAVE_INTTYPES_H 1
| #define HAVE_STDINT_H 1
| #define HAVE_UNISTD_H 1
| #define HAVE_HEPMC_VERSION_H 1
| /* end confdefs.h.  */
| #include <stdio.h>
| #if HAVE_SYS_TYPES_H
| # include <sys/types.h>
| #endif
| #if HAVE_SYS_STAT_H
| # include <sys/stat.h>
| #endif
| #if STDC_HEADERS
| # include <stdlib.h>
| # include <stddef.h>
| #else
| # if HAVE_STDLIB_H
| #  include <stdlib.h>
| # endif
| #endif
| #if HAVE_STRING_H
| # if !STDC_HEADERS && HAVE_MEMORY_H
| #  include <memory.h>
| # endif
| # include <string.h>
| #endif
| #if HAVE_STRINGS_H
| # include <strings.h>
| #endif
| #if HAVE_INTTYPES_H
| # include <inttypes.h>
| #else
| # if HAVE_STDINT_H
| #  include <stdint.h>
| # endif
| #endif
| #if HAVE_UNISTD_H
| # include <unistd.h>
| #endif
| #include <Generate.h>
configure:3270: result: no
configure:3274: checking Generate.h presence
configure:3284: g++ -E -I/include -L/usr/local/lib/root -lGui -lCore -lCint -lRIO -lNet -lHist -lGraf -lGraf3d -lGpad -lTree -lRint -lPostscript -lMatrix -lPhysics -lMathCore -lThread -pthread -lm -ldl -rdynamic -pthread -m64 -I/usr/local/include/root -I/include -I/home/fulvio/POWHEG-BOX-V2/W_ew-BMNNP/PHOTOS/include -I/include  conftest.cc
conftest.cc:23:22: fatal error: Generate.h: No such file or directory
compilation terminated.
configure:3290: $? = 1
configure: failed program was:
| /* confdefs.h.  */
| 
| #define PACKAGE_NAME "Photos C++ Interface - examples"
| #define PACKAGE_TARNAME "photos-c---interface---examples"
| #define PACKAGE_VERSION "1.0.0"
| #define PACKAGE_STRING "Photos C++ Interface - examples 1.0.0"
| #define PACKAGE_BUGREPORT "tomasz.przedzinski@uj.edu.pl "
| #ifdef __cplusplus
| extern "C" void exit (int) throw ();
| #endif
| #define STDC_HEADERS 1
| #define HAVE_SYS_TYPES_H 1
| #define HAVE_SYS_STAT_H 1
| #define HAVE_STDLIB_H 1
| #define HAVE_STRING_H 1
| #define HAVE_MEMORY_H 1
| #define HAVE_STRINGS_H 1
| #define HAVE_INTTYPES_H 1
| #define HAVE_STDINT_H 1
| #define HAVE_UNISTD_H 1
| #define HAVE_HEPMC_VERSION_H 1
| /* end confdefs.h.  */
| #include <Generate.h>
configure:3310: result: no
configure:3345: checking for Generate.h
configure:3352: result: no
configure:3547: checking Pythia.h usability
configure:3559: g++ -c -g -O2 -I/include -I/include -L/usr/local/lib/root -lGui -lCore -lCint -lRIO -lNet -lHist -lGraf -lGraf3d -lGpad -lTree -lRint -lPostscript -lMatrix -lPhysics -lMathCore -lThread -pthread -lm -ldl -rdynamic -pthread -m64 -I/usr/local/include/root -I/include -I/home/fulvio/POWHEG-BOX-V2/W_ew-BMNNP/PHOTOS/include -I/include  conftest.cc >&5
configure:3565: $? = 0
configure:3569: test -z 
			 || test ! -s conftest.err
configure:3572: $? = 0
configure:3575: test -s conftest.o
configure:3578: $? = 0
configure:3588: result: yes
configure:3592: checking Pythia.h presence
configure:3602: g++ -E -I/include -I/include -L/usr/local/lib/root -lGui -lCore -lCint -lRIO -lNet -lHist -lGraf -lGraf3d -lGpad -lTree -lRint -lPostscript -lMatrix -lPhysics -lMathCore -lThread -pthread -lm -ldl -rdynamic -pthread -m64 -I/usr/local/include/root -I/include -I/home/fulvio/POWHEG-BOX-V2/W_ew-BMNNP/PHOTOS/include -I/include  conftest.cc
configure:3608: $? = 0
configure:3628: result: yes
configure:3663: checking for Pythia.h
configure:3670: result: yes
configure:3698: checking HepMCInterface.h usability
configure:3710: g++ -c -g -O2 -I/include -I/include -L/usr/local/lib/root -lGui -lCore -lCint -lRIO -lNet -lHist -lGraf -lGraf3d -lGpad -lTree -lRint -lPostscript -lMatrix -lPhysics -lMathCore -lThread -pthread -lm -ldl -rdynamic -pthread -m64 -I/usr/local/include/root -I/include -I/home/fulvio/POWHEG-BOX-V2/W_ew-BMNNP/PHOTOS/include -I/include  conftest.cc >&5
configure:3716: $? = 0
configure:3720: test -z 
			 || test ! -s conftest.err
configure:3723: $? = 0
configure:3726: test -s conftest.o
configure:3729: $? = 0
configure:3739: result: yes
configure:3743: checking HepMCInterface.h presence
configure:3753: g++ -E -I/include -I/include -L/usr/local/lib/root -lGui -lCore -lCint -lRIO -lNet -lHist -lGraf -lGraf3d -lGpad -lTree -lRint -lPostscript -lMatrix -lPhysics -lMathCore -lThread -pthread -lm -ldl -rdynamic -pthread -m64 -I/usr/local/include/root -I/include -I/home/fulvio/POWHEG-BOX-V2/W_ew-BMNNP/PHOTOS/include -I/include  conftest.cc
configure:3759: $? = 0
configure:3779: result: yes
configure:3814: checking for HepMCInterface.h
configure:3821: result: yes
configure:3999: creating ./config.status

## ---------------------- ##
## Running config.status. ##
## ---------------------- ##

This file was extended by Photos C++ Interface - examples config.status 1.0.0, which was
generated by GNU Autoconf 2.59.  Invocation command line was

  CONFIG_FILES    = 
  CONFIG_HEADERS  = 
  CONFIG_LINKS    = 
  CONFIG_COMMANDS = 
  $ ./config.status 

on neowulf

config.status:643: creating make.inc
config.status:643: creating /home/fulvio/POWHEG-BOX-V2/W_ew-BMNNP/PHOTOS/configure.paths.sh
config.status:643: creating /home/fulvio/POWHEG-BOX-V2/W_ew-BMNNP/PHOTOS/configure.paths.csh

## ---------------- ##
## Cache variables. ##
## ---------------- ##

ac_cv_cxx_compiler_gnu=yes
ac_cv_env_CPPFLAGS_set=
ac_cv_env_CPPFLAGS_value=
ac_cv_env_CXXCPP_set=
ac_cv_env_CXXCPP_value=
ac_cv_env_CXXFLAGS_set=
ac_cv_env_CXXFLAGS_value=
ac_cv_env_CXX_set=
ac_cv_env_CXX_value=
ac_cv_env_LDFLAGS_set=
ac_cv_env_LDFLAGS_value=
ac_cv_env_build_alias_set=
ac_cv_env_build_alias_value=
ac_cv_env_host_alias_set=
ac_cv_env_host_alias_value=
ac_cv_env_target_alias_set=
ac_cv_env_target_alias_value=
ac_cv_exeext=
ac_cv_header_Generate_h=no
ac_cv_header_HepMCInterface_h=yes
ac_cv_header_HepMC_Version_h=yes
ac_cv_header_Photos_Photos_h=yes
ac_cv_header_Pythia_h=yes
ac_cv_header_TROOT_h=yes
ac_cv_header_Tauola_Tauola_h=no
ac_cv_header_inttypes_h=yes
ac_cv_header_memory_h=yes
ac_cv_header_stdc=yes
ac_cv_header_stdint_h=yes
ac_cv_header_stdlib_h=yes
ac_cv_header_string_h=yes
ac_cv_header_strings_h=yes
ac_cv_header_sys_stat_h=yes
ac_cv_header_sys_types_h=yes
ac_cv_header_unistd_h=yes
ac_cv_objext=o
ac_cv_prog_CXXCPP='g++ -E'
ac_cv_prog_HAS_ROOT_CONFIG=yes
ac_cv_prog_HAS_ROOT_EXE=yes
ac_cv_prog_ac_ct_CXX=g++
ac_cv_prog_cxx_g=yes
ac_cv_prog_egrep='grep -E'

## ----------------- ##
## Output variables. ##
## ----------------- ##

CPPFLAGS='-I/include -I/include -L/usr/local/lib/root -lGui -lCore -lCint -lRIO -lNet -lHist -lGraf -lGraf3d -lGpad -lTree -lRint -lPostscript -lMatrix -lPhysics -lMathCore -lThread -pthread -lm -ldl -rdynamic -pthread -m64 -I/usr/local/include/root -I/include -I/home/fulvio/POWHEG-BOX-V2/W_ew-BMNNP/PHOTOS/include -I/include '
CXX='g++'
CXXCPP='g++ -E'
CXXFLAGS='-g -O2'
DEFS='-DPACKAGE_NAME=\"Photos\ C++\ Interface\ -\ examples\" -DPACKAGE_TARNAME=\"photos-c---interface---examples\" -DPACKAGE_VERSION=\"1.0.0\" -DPACKAGE_STRING=\"Photos\ C++\ Interface\ -\ examples\ 1.0.0\" -DPACKAGE_BUGREPORT=\"tomasz.przedzinski@uj.edu.pl\ \" -DSTDC_HEADERS=1 -DHAVE_SYS_TYPES_H=1 -DHAVE_SYS_STAT_H=1 -DHAVE_STDLIB_H=1 -DHAVE_STRING_H=1 -DHAVE_MEMORY_H=1 -DHAVE_STRINGS_H=1 -DHAVE_INTTYPES_H=1 -DHAVE_STDINT_H=1 -DHAVE_UNISTD_H=1 -DHAVE_HEPMC_VERSION_H=1 '
ECHO_C=''
ECHO_N='-n'
ECHO_T=''
EGREP='grep -E'
EXEEXT=''
HAS_ROOT_CONFIG='yes'
HAS_ROOT_EXE='yes'
LDFLAGS=''
LIBOBJS=''
LIBS=''
LTLIBOBJS=''
OBJEXT='o'
PACKAGE_BUGREPORT='tomasz.przedzinski@uj.edu.pl '
PACKAGE_NAME='Photos C++ Interface - examples'
PACKAGE_STRING='Photos C++ Interface - examples 1.0.0'
PACKAGE_TARNAME='photos-c---interface---examples'
PACKAGE_VERSION='1.0.0'
PATH_SEPARATOR=':'
SHELL='/bin/bash'
ac_ct_CXX='g++'
bindir='${exec_prefix}/bin'
build_alias=''
datadir='${prefix}/share'
exec_prefix='${prefix}'
host_alias=''
includedir='${prefix}/include'
infodir='${prefix}/info'
libdir='${exec_prefix}/lib'
libexecdir='${exec_prefix}/libexec'
localstatedir='${prefix}/var'
mandir='${prefix}/man'
oldincludedir='/usr/include'
prefix='/usr/local'
program_transform_name='s,x,x,'
pythia8data='/xmldoc'
sbindir='${exec_prefix}/sbin'
sharedstatedir='${prefix}/com'
sysconfdir='${prefix}/etc'
target_alias=''
with_hepmc=''
with_mc_tester=''
with_photos='/home/fulvio/POWHEG-BOX-V2/W_ew-BMNNP/PHOTOS'
with_pythia8=''
with_tauola=''

## ----------- ##
## confdefs.h. ##
## ----------- ##

#define HAVE_HEPMC_VERSION_H 1
#define HAVE_INTTYPES_H 1
#define HAVE_MEMORY_H 1
#define HAVE_STDINT_H 1
#define HAVE_STDLIB_H 1
#define HAVE_STRINGS_H 1
#define HAVE_STRING_H 1
#define HAVE_SYS_STAT_H 1
#define HAVE_SYS_TYPES_H 1
#define HAVE_UNISTD_H 1
#define PACKAGE_BUGREPORT "tomasz.przedzinski@uj.edu.pl "
#define PACKAGE_NAME "Photos C++ Interface - examples"
#define PACKAGE_STRING "Photos C++ Interface - examples 1.0.0"
#define PACKAGE_TARNAME "photos-c---interface---examples"
#define PACKAGE_VERSION "1.0.0"
#define STDC_HEADERS 1
#endif
#ifdef __cplusplus
extern "C" void exit (int) throw ();

configure: exit 0
