This is pdfTeX, Version 3.1415926-2.5-1.40.14 (TeX Live 2013) (format=pdflatex 2013.12.14)  18 DEC 2013 20:28
entering extended mode
 restricted \write18 enabled.
 %&-line parsing enabled.
**manual-BOX-ggH.tex
(./manual-BOX-ggH.tex
LaTeX2e <2011/06/27>
Babel <3.9f> and hyphenation patterns for 8 languages loaded.
(./JHEP3.cls
Document Class: JHEP3 2005/09/26 v3.1.4 LaTeX document class - F.N.
(/usr/share/texmf-dist/tex/latex/amsfonts/amssymb.sty
Package: amssymb 2013/01/14 v3.01 AMS font symbols

(/usr/share/texmf-dist/tex/latex/amsfonts/amsfonts.sty
Package: amsfonts 2013/01/14 v3.01 Basic AMSFonts support
\@emptytoks=\toks14
\symAMSa=\mathgroup4
\symAMSb=\mathgroup5
LaTeX Font Info:    Overwriting math alphabet `\mathfrak' in version `bold'
(Font)                  U/euf/m/n --> U/euf/b/n on input line 106.
))
(/usr/share/texmf-dist/tex/latex/base/size11.clo
File: size11.clo 2007/10/19 v1.4h Standard LaTeX file (size option)
)
(/usr/share/texmf-dist/tex/plain/misc/pdfcolor.tex)
\titlesk@pa=\skip41
\titlesk@ja=\skip42
\titlesk@pb=\skip43
\titlesk@jb=\skip44
\titlesk@pc=\skip45
\titlesk@jc=\skip46
\titlesk@pd=\skip47
\c@part=\count79
\c@section=\count80
\c@subsection=\count81
\c@subsubsection=\count82
\c@paragraph=\count83
\c@subparagraph=\count84
\prev@t=\toks15
\cur@t=\toks16
\@firstaubox=\box26
\addr@skip=\skip48
\auth@skip=\skip49
\conf@box=\box27
\Jcopy@date=\box28
\Jspecial@url=\box29
\Jacce@month=\box30
\Jacce@year=\count85
\Jacce@number=\box31
\c@figure=\count86
\c@table=\count87
\c@OptionTest=\count88
\@tmpbox=\box32
\figbox=\box33
\tabbox=\box34
\pagebox=\box35
\ffigcount=\count89
\ftabcount=\count90
\hangcount=\count91
\nosuccesstryfig=\count92
\nosuccesstrytab=\count93
\figgutter=\dimen102
\tabgutter=\dimen103
\fl@wd=\dimen104
\fl@ht=\dimen105
\htdone=\dimen106
\pageht=\dimen107
\startpageht=\dimen108
\floatfltwidth=\dimen109
\fltitemwidth=\dimen110
\outputpretest=\toks17
\abovecaptionskip=\skip50
\belowcaptionskip=\skip51
\bibindent=\dimen111
)
(/usr/share/texmf-dist/tex/latex/amsmath/amsmath.sty
Package: amsmath 2013/01/14 v2.14 AMS math features
\@mathmargin=\skip52

For additional information on amsmath, use the `?' option.
(/usr/share/texmf-dist/tex/latex/amsmath/amstext.sty
Package: amstext 2000/06/29 v2.01

(/usr/share/texmf-dist/tex/latex/amsmath/amsgen.sty
File: amsgen.sty 1999/11/30 v2.0
\@emptytoks=\toks18
\ex@=\dimen112
))
(/usr/share/texmf-dist/tex/latex/amsmath/amsbsy.sty
Package: amsbsy 1999/11/29 v1.2d
\pmbraise@=\dimen113
)
(/usr/share/texmf-dist/tex/latex/amsmath/amsopn.sty
Package: amsopn 1999/12/14 v2.01 operator names
)
\inf@bad=\count94
LaTeX Info: Redefining \frac on input line 210.
\uproot@=\count95
\leftroot@=\count96
LaTeX Info: Redefining \overline on input line 306.
\classnum@=\count97
\DOTSCASE@=\count98
LaTeX Info: Redefining \ldots on input line 378.
LaTeX Info: Redefining \dots on input line 381.
LaTeX Info: Redefining \cdots on input line 466.
\Mathstrutbox@=\box36
\strutbox@=\box37
\big@size=\dimen114
LaTeX Font Info:    Redeclaring font encoding OML on input line 566.
LaTeX Font Info:    Redeclaring font encoding OMS on input line 567.
\macc@depth=\count99
\c@MaxMatrixCols=\count100
\dotsspace@=\muskip10
\c@parentequation=\count101
\dspbrk@lvl=\count102
\tag@help=\toks19
\row@=\count103
\column@=\count104
\maxfields@=\count105
\andhelp@=\toks20
\eqnshift@=\dimen115
\alignsep@=\dimen116
\tagshift@=\dimen117
\tagwidth@=\dimen118
\totwidth@=\dimen119
\lineht@=\dimen120
\@envbody=\toks21
\multlinegap=\skip53
\multlinetaggap=\skip54
\mathdisplay@stack=\toks22
LaTeX Info: Redefining \[ on input line 2665.
LaTeX Info: Redefining \] on input line 2666.
)
(/usr/share/texmf-dist/tex/latex/tools/enumerate.sty
Package: enumerate 1999/03/05 v3.00 enumerate extensions (DPC)
\@enLab=\toks23
)
(/usr/share/texmf-dist/tex/latex/url/url.sty
\Urlmuskip=\muskip11
Package: url 2006/04/12  ver 3.3  Verb mode for urls, etc.
) (./manual-BOX-ggH.aux)
\openout1 = `manual-BOX-ggH.aux'.

LaTeX Font Info:    Checking defaults for OML/cmm/m/it on input line 74.
LaTeX Font Info:    ... okay on input line 74.
LaTeX Font Info:    Checking defaults for T1/cmr/m/n on input line 74.
LaTeX Font Info:    ... okay on input line 74.
LaTeX Font Info:    Checking defaults for OT1/cmr/m/n on input line 74.
LaTeX Font Info:    ... okay on input line 74.
LaTeX Font Info:    Checking defaults for OMS/cmsy/m/n on input line 74.
LaTeX Font Info:    ... okay on input line 74.
LaTeX Font Info:    Checking defaults for OMX/cmex/m/n on input line 74.
LaTeX Font Info:    ... okay on input line 74.
LaTeX Font Info:    Checking defaults for U/cmr/m/n on input line 74.
LaTeX Font Info:    ... okay on input line 74.
LaTeX Font Info:    Try loading font information for U+msa on input line 74.

(/usr/share/texmf-dist/tex/latex/amsfonts/umsa.fd
File: umsa.fd 2013/01/14 v3.01 AMS symbols A
)
LaTeX Font Info:    Try loading font information for U+msb on input line 74.

(/usr/share/texmf-dist/tex/latex/amsfonts/umsb.fd
File: umsb.fd 2013/01/14 v3.01 AMS symbols B
)
Missing character: There is no Ã in font cmti10!
Missing character: There is no   in font cmti10!
Missing character: There is no Ã in font cmti10!
Missing character: There is no   in font cmti10!
 [1

{/var/lib/texmf/fonts/map/pdftex/updmap/pdftex.map}] [0]
No file manual-BOX-ggH.toc.
\tf@toc=\write3
\openout3 = `manual-BOX-ggH.toc'.


Underfull \hbox (badness 10000) in paragraph at lines 79--87

 []


Underfull \hbox (badness 10000) in paragraph at lines 91--93

 []


Underfull \hbox (badness 10000) in paragraph at lines 120--131

 []


Underfull \hbox (badness 10000) in paragraph at lines 120--131

 []

[1]
Underfull \hbox (badness 10000) in paragraph at lines 142--152

 []


Underfull \hbox (badness 10000) in paragraph at lines 153--159

 []


Overfull \hbox (34.0183pt too wide) in paragraph at lines 161--174
\OT1/cmr/m/n/10.95 rec-to-ries \OT1/cmtt/m/n/10.95 gg[]H[]with-finite-masses/te
strun-tev \OT1/cmr/m/n/10.95 and \OT1/cmtt/m/n/10.95 gg[]H[]with-finite-masses/
testrun-lhc\OT1/cmr/m/n/10.95 .
 []

[2]
Underfull \hbox (badness 10000) in paragraph at lines 175--186

 []


Underfull \hbox (badness 10000) in paragraph at lines 175--186

 []


Overfull \hbox (0.94519pt too wide) in paragraph at lines 187--194
\OT1/cmtt/m/n/10.95 masswindow 10d0 !(default 10d0) number of widths around hma
ss in the BW for
 []


Underfull \hbox (badness 10000) in paragraph at lines 187--194

 []


Overfull \hbox (45.56631pt too wide) in paragraph at lines 198--208
[]\OT1/cmtt/m/n/10.95 hhfact 100d0 ! (default no dumping factor) dump factor fo
r high-pt radiation:
 []

[3] [4] (./manual-BOX-ggH.aux)

LaTeX Warning: Label(s) may have changed. Rerun to get cross-references right.

 ) 
Here is how much of TeX's memory you used:
 1791 strings out of 494947
 18534 string characters out of 6179307
 80954 words of memory out of 5000000
 5036 multiletter control sequences out of 15000+600000
 14360 words of font info for 56 fonts, out of 8000000 for 9000
 36 hyphenation exceptions out of 8191
 32i,6n,28p,443b,263s stack positions out of 5000i,500n,10000p,200000b,80000s
</usr/share/texmf-dist/fonts/type1/public/amsfonts/cm/cmbx10.pfb></usr/share/
texmf-dist/fonts/type1/public/amsfonts/cm/cmbx12.pfb></usr/share/texmf-dist/fon
ts/type1/public/amsfonts/cm/cmcsc10.pfb></usr/share/texmf-dist/fonts/type1/publ
ic/amsfonts/cm/cmmi10.pfb></usr/share/texmf-dist/fonts/type1/public/amsfonts/cm
/cmmi7.pfb></usr/share/texmf-dist/fonts/type1/public/amsfonts/cm/cmr10.pfb></us
r/share/texmf-dist/fonts/type1/public/amsfonts/cm/cmr6.pfb></usr/share/texmf-di
st/fonts/type1/public/amsfonts/cm/cmr7.pfb></usr/share/texmf-dist/fonts/type1/p
ublic/amsfonts/cm/cmssbx10.pfb></usr/share/texmf-dist/fonts/type1/public/amsfon
ts/cm/cmsy10.pfb></usr/share/texmf-dist/fonts/type1/public/amsfonts/cm/cmti10.p
fb></usr/share/texmf-dist/fonts/type1/public/amsfonts/cm/cmtt10.pfb></usr/share
/texmf-dist/fonts/type1/public/amsfonts/cm/cmtt8.pfb>
Output written on manual-BOX-ggH.pdf (6 pages, 169438 bytes).
PDF statistics:
 75 PDF objects out of 1000 (max. 8388607)
 53 compressed objects within 1 object stream
 0 named destinations out of 1000 (max. 500000)
 1 words of extra memory for PDF output out of 10000 (max. 10000000)

