This is pdfTeX, Version 3.1415926-2.4-1.40.13 (TeX Live 2012/Debian) (format=pdflatex 2013.12.25)  13 FEB 2015 12:02
entering extended mode
 restricted \write18 enabled.
 %&-line parsing enabled.
**Photos_interface_design.tex
(./Photos_interface_design.tex
LaTeX2e <2011/06/27>
Babel <v3.8m> and hyphenation patterns for english, dumylang, nohyphenation, it
alian, loaded.
(./Photos_interface_design.cls

LaTeX Warning: You have requested document class `Photos_interface_design',
               but the document class provides `my_report'.

Document Class: my_report 
(/usr/share/texlive/texmf-dist/tex/latex/base/article.cls
Document Class: article 2007/10/19 v1.4h Standard LaTeX document class
(/usr/share/texlive/texmf-dist/tex/latex/base/size11.clo
File: size11.clo 2007/10/19 v1.4h Standard LaTeX file (size option)
)
\c@part=\count79
\c@section=\count80
\c@subsection=\count81
\c@subsubsection=\count82
\c@paragraph=\count83
\c@subparagraph=\count84
\c@figure=\count85
\c@table=\count86
\abovecaptionskip=\skip41
\belowcaptionskip=\skip42
\bibindent=\dimen102
)
(/usr/share/texlive/texmf-dist/tex/latex/geometry/geometry.sty
Package: geometry 2010/09/12 v5.6 Page Geometry

(/usr/share/texlive/texmf-dist/tex/latex/graphics/keyval.sty
Package: keyval 1999/03/16 v1.13 key=value parser (DPC)
\KV@toks@=\toks14
)
(/usr/share/texlive/texmf-dist/tex/generic/oberdiek/ifpdf.sty
Package: ifpdf 2011/01/30 v2.3 Provides the ifpdf switch (HO)
Package ifpdf Info: pdfTeX in PDF mode is detected.
)
(/usr/share/texlive/texmf-dist/tex/generic/oberdiek/ifvtex.sty
Package: ifvtex 2010/03/01 v1.5 Detect VTeX and its facilities (HO)
Package ifvtex Info: VTeX not detected.
)
(/usr/share/texlive/texmf-dist/tex/generic/ifxetex/ifxetex.sty
Package: ifxetex 2010/09/12 v0.6 Provides ifxetex conditional
)
\Gm@cnth=\count87
\Gm@cntv=\count88
\c@Gm@tempcnt=\count89
\Gm@bindingoffset=\dimen103
\Gm@wd@mp=\dimen104
\Gm@odd@mp=\dimen105
\Gm@even@mp=\dimen106
\Gm@layoutwidth=\dimen107
\Gm@layoutheight=\dimen108
\Gm@layouthoffset=\dimen109
\Gm@layoutvoffset=\dimen110
\Gm@dimlist=\toks15
))
(/usr/share/texlive/texmf-dist/tex/latex/graphics/graphicx.sty
Package: graphicx 1999/02/16 v1.0f Enhanced LaTeX Graphics (DPC,SPQR)

(/usr/share/texlive/texmf-dist/tex/latex/graphics/graphics.sty
Package: graphics 2009/02/05 v1.0o Standard LaTeX Graphics (DPC,SPQR)

(/usr/share/texlive/texmf-dist/tex/latex/graphics/trig.sty
Package: trig 1999/03/16 v1.09 sin cos tan (DPC)
)
(/usr/share/texlive/texmf-dist/tex/latex/latexconfig/graphics.cfg
File: graphics.cfg 2010/04/23 v1.9 graphics configuration of TeX Live
)
Package graphics Info: Driver file: pdftex.def on input line 91.

(/usr/share/texlive/texmf-dist/tex/latex/pdftex-def/pdftex.def
File: pdftex.def 2011/05/27 v0.06d Graphics/color for pdfTeX

(/usr/share/texlive/texmf-dist/tex/generic/oberdiek/infwarerr.sty
Package: infwarerr 2010/04/08 v1.3 Providing info/warning/error messages (HO)
)
(/usr/share/texlive/texmf-dist/tex/generic/oberdiek/ltxcmds.sty
Package: ltxcmds 2011/11/09 v1.22 LaTeX kernel commands for general use (HO)
)
\Gread@gobject=\count90
))
\Gin@req@height=\dimen111
\Gin@req@width=\dimen112
)
(/usr/share/texlive/texmf-dist/tex/latex/hyperref/hyperref.sty
Package: hyperref 2012/05/13 v6.82q Hypertext links for LaTeX

(/usr/share/texlive/texmf-dist/tex/generic/oberdiek/hobsub-hyperref.sty
Package: hobsub-hyperref 2012/05/28 v1.13 Bundle oberdiek, subset hyperref (HO)


(/usr/share/texlive/texmf-dist/tex/generic/oberdiek/hobsub-generic.sty
Package: hobsub-generic 2012/05/28 v1.13 Bundle oberdiek, subset generic (HO)
Package: hobsub 2012/05/28 v1.13 Construct package bundles (HO)
Package hobsub Info: Skipping package `infwarerr' (already loaded).
Package hobsub Info: Skipping package `ltxcmds' (already loaded).
Package: ifluatex 2010/03/01 v1.3 Provides the ifluatex switch (HO)
Package ifluatex Info: LuaTeX not detected.
Package hobsub Info: Skipping package `ifvtex' (already loaded).
Package: intcalc 2007/09/27 v1.1 Expandable calculations with integers (HO)
Package hobsub Info: Skipping package `ifpdf' (already loaded).
Package: etexcmds 2011/02/16 v1.5 Avoid name clashes with e-TeX commands (HO)
Package etexcmds Info: Could not find \expanded.
(etexcmds)             That can mean that you are not using pdfTeX 1.50 or
(etexcmds)             that some package has redefined \expanded.
(etexcmds)             In the latter case, load this package earlier.
Package: kvsetkeys 2012/04/25 v1.16 Key value parser (HO)
Package: kvdefinekeys 2011/04/07 v1.3 Define keys (HO)
Package: pdftexcmds 2011/11/29 v0.20 Utility functions of pdfTeX for LuaTeX (HO
)
Package pdftexcmds Info: LuaTeX not detected.
Package pdftexcmds Info: \pdf@primitive is available.
Package pdftexcmds Info: \pdf@ifprimitive is available.
Package pdftexcmds Info: \pdfdraftmode found.
Package: pdfescape 2011/11/25 v1.13 Implements pdfTeX's escape features (HO)
Package: bigintcalc 2012/04/08 v1.3 Expandable calculations on big integers (HO
)
Package: bitset 2011/01/30 v1.1 Handle bit-vector datatype (HO)
Package: uniquecounter 2011/01/30 v1.2 Provide unlimited unique counter (HO)
)
Package hobsub Info: Skipping package `hobsub' (already loaded).
Package: letltxmacro 2010/09/02 v1.4 Let assignment for LaTeX macros (HO)
Package: hopatch 2012/05/28 v1.2 Wrapper for package hooks (HO)
Package: xcolor-patch 2011/01/30 xcolor patch
Package: atveryend 2011/06/30 v1.8 Hooks at the very end of document (HO)
Package atveryend Info: \enddocument detected (standard20110627).
Package: atbegshi 2011/10/05 v1.16 At begin shipout hook (HO)
Package: refcount 2011/10/16 v3.4 Data extraction from label references (HO)
Package: hycolor 2011/01/30 v1.7 Color options for hyperref/bookmark (HO)
)
(/usr/share/texlive/texmf-dist/tex/latex/oberdiek/kvoptions.sty
Package: kvoptions 2011/06/30 v3.11 Key value format for package options (HO)
)
\@linkdim=\dimen113
\Hy@linkcounter=\count91
\Hy@pagecounter=\count92

(/usr/share/texlive/texmf-dist/tex/latex/hyperref/pd1enc.def
File: pd1enc.def 2012/05/13 v6.82q Hyperref: PDFDocEncoding definition (HO)
)
\Hy@SavedSpaceFactor=\count93

(/usr/share/texlive/texmf-dist/tex/latex/latexconfig/hyperref.cfg
File: hyperref.cfg 2002/06/06 v1.2 hyperref configuration of TeXLive
)
Package hyperref Info: Hyper figures OFF on input line 4062.
Package hyperref Info: Link nesting OFF on input line 4067.
Package hyperref Info: Hyper index ON on input line 4070.
Package hyperref Info: Plain pages OFF on input line 4077.
Package hyperref Info: Backreferencing OFF on input line 4082.
Package hyperref Info: Implicit mode ON; LaTeX internals redefined.
Package hyperref Info: Bookmarks ON on input line 4300.
\c@Hy@tempcnt=\count94

(/usr/share/texlive/texmf-dist/tex/latex/url/url.sty
\Urlmuskip=\muskip10
Package: url 2006/04/12  ver 3.3  Verb mode for urls, etc.
)
LaTeX Info: Redefining \url on input line 4653.
\Fld@menulength=\count95
\Field@Width=\dimen114
\Fld@charsize=\dimen115
Package hyperref Info: Hyper figures OFF on input line 5773.
Package hyperref Info: Link nesting OFF on input line 5778.
Package hyperref Info: Hyper index ON on input line 5781.
Package hyperref Info: backreferencing OFF on input line 5788.
Package hyperref Info: Link coloring OFF on input line 5793.
Package hyperref Info: Link coloring with OCG OFF on input line 5798.
Package hyperref Info: PDF/A mode OFF on input line 5803.
LaTeX Info: Redefining \ref on input line 5843.
LaTeX Info: Redefining \pageref on input line 5847.
\Hy@abspage=\count96
\c@Item=\count97
\c@Hfootnote=\count98
)

Package hyperref Message: Driver (autodetected): hpdftex.

(/usr/share/texlive/texmf-dist/tex/latex/hyperref/hpdftex.def
File: hpdftex.def 2012/05/13 v6.82q Hyperref driver for pdfTeX
\Fld@listcount=\count99
\c@bookmark@seq@number=\count100

(/usr/share/texlive/texmf-dist/tex/latex/oberdiek/rerunfilecheck.sty
Package: rerunfilecheck 2011/04/15 v1.7 Rerun checks for auxiliary files (HO)
Package uniquecounter Info: New unique counter `rerunfilecheck' on input line 2
82.
)
\Hy@SectionHShift=\skip43
)
(/usr/share/texlive/texmf-dist/tex/latex/eurosym/eurosym.sty
Package: eurosym 1998/08/06 v1.1 European currency symbol ``Euro''
\@eurobox=\box26
)
(/usr/share/texlive/texmf-dist/tex/latex/psnfss/pifont.sty
Package: pifont 2005/04/12 PSNFSS-v9.2a Pi font support (SPQR) 
LaTeX Font Info:    Try loading font information for U+pzd on input line 63.

(/usr/share/texlive/texmf-dist/tex/latex/psnfss/upzd.fd
File: upzd.fd 2001/06/04 font definitions for U/pzd.
)
LaTeX Font Info:    Try loading font information for U+psy on input line 64.

(/usr/share/texlive/texmf-dist/tex/latex/psnfss/upsy.fd
File: upsy.fd 2001/06/04 font definitions for U/psy.
))
(/usr/share/texlive/texmf-dist/tex/latex/amsmath/amsmath.sty
Package: amsmath 2000/07/18 v2.13 AMS math features
\@mathmargin=\skip44

For additional information on amsmath, use the `?' option.
(/usr/share/texlive/texmf-dist/tex/latex/amsmath/amstext.sty
Package: amstext 2000/06/29 v2.01

(/usr/share/texlive/texmf-dist/tex/latex/amsmath/amsgen.sty
File: amsgen.sty 1999/11/30 v2.0
\@emptytoks=\toks16
\ex@=\dimen116
))
(/usr/share/texlive/texmf-dist/tex/latex/amsmath/amsbsy.sty
Package: amsbsy 1999/11/29 v1.2d
\pmbraise@=\dimen117
)
(/usr/share/texlive/texmf-dist/tex/latex/amsmath/amsopn.sty
Package: amsopn 1999/12/14 v2.01 operator names
)
\inf@bad=\count101
LaTeX Info: Redefining \frac on input line 211.
\uproot@=\count102
\leftroot@=\count103
LaTeX Info: Redefining \overline on input line 307.
\classnum@=\count104
\DOTSCASE@=\count105
LaTeX Info: Redefining \ldots on input line 379.
LaTeX Info: Redefining \dots on input line 382.
LaTeX Info: Redefining \cdots on input line 467.
\Mathstrutbox@=\box27
\strutbox@=\box28
\big@size=\dimen118
LaTeX Font Info:    Redeclaring font encoding OML on input line 567.
LaTeX Font Info:    Redeclaring font encoding OMS on input line 568.
\macc@depth=\count106
\c@MaxMatrixCols=\count107
\dotsspace@=\muskip11
\c@parentequation=\count108
\dspbrk@lvl=\count109
\tag@help=\toks17
\row@=\count110
\column@=\count111
\maxfields@=\count112
\andhelp@=\toks18
\eqnshift@=\dimen119
\alignsep@=\dimen120
\tagshift@=\dimen121
\tagwidth@=\dimen122
\totwidth@=\dimen123
\lineht@=\dimen124
\@envbody=\toks19
\multlinegap=\skip45
\multlinetaggap=\skip46
\mathdisplay@stack=\toks20
LaTeX Info: Redefining \[ on input line 2666.
LaTeX Info: Redefining \] on input line 2667.
)
(/usr/share/texlive/texmf-dist/tex/latex/subfigure/subfigure.sty
Package: subfigure 2002/03/15 v2.1.5 subfigure package
\subfigtopskip=\skip47
\subfigcapskip=\skip48
\subfigcaptopadj=\dimen125
\subfigbottomskip=\skip49
\subfigcapmargin=\dimen126
\subfiglabelskip=\skip50
\c@subfigure=\count113
\c@lofdepth=\count114
\c@subtable=\count115
\c@lotdepth=\count116

****************************************
* Local config file subfigure.cfg used *
****************************************
(/usr/share/texlive/texmf-dist/tex/latex/subfigure/subfigure.cfg)
\subfig@top=\skip51
\subfig@bottom=\skip52
)
(/usr/share/texlive/texmf-dist/tex/latex/booktabs/booktabs.sty
Package: booktabs 2005/04/14 v1.61803 publication quality tables
\heavyrulewidth=\dimen127
\lightrulewidth=\dimen128
\cmidrulewidth=\dimen129
\belowrulesep=\dimen130
\belowbottomsep=\dimen131
\aboverulesep=\dimen132
\abovetopsep=\dimen133
\cmidrulesep=\dimen134
\cmidrulekern=\dimen135
\defaultaddspace=\dimen136
\@cmidla=\count117
\@cmidlb=\count118
\@aboverulesep=\dimen137
\@belowrulesep=\dimen138
\@thisruleclass=\count119
\@lastruleclass=\count120
\@thisrulewidth=\dimen139
)
(./Photos_interface_design.aux)
\openout1 = `Photos_interface_design.aux'.

LaTeX Font Info:    Checking defaults for OML/cmm/m/it on input line 16.
LaTeX Font Info:    ... okay on input line 16.
LaTeX Font Info:    Checking defaults for T1/cmr/m/n on input line 16.
LaTeX Font Info:    ... okay on input line 16.
LaTeX Font Info:    Checking defaults for OT1/cmr/m/n on input line 16.
LaTeX Font Info:    ... okay on input line 16.
LaTeX Font Info:    Checking defaults for OMS/cmsy/m/n on input line 16.
LaTeX Font Info:    ... okay on input line 16.
LaTeX Font Info:    Checking defaults for OMX/cmex/m/n on input line 16.
LaTeX Font Info:    ... okay on input line 16.
LaTeX Font Info:    Checking defaults for U/cmr/m/n on input line 16.
LaTeX Font Info:    ... okay on input line 16.
LaTeX Font Info:    Checking defaults for PD1/pdf/m/n on input line 16.
LaTeX Font Info:    ... okay on input line 16.

*geometry* detected driver: pdftex
*geometry* verbose mode - [ preamble ] result:
* driver: pdftex
* paper: custom
* layout: <same size as paper>
* layoutoffset:(h,v)=(0.0pt,0.0pt)
* modes: includehead 
* h-part:(L,W,R)=(85.35826pt, 441.01773pt, 71.13188pt)
* v-part:(T,H,B)=(0.0pt, 788.14125pt, 56.9055pt)
* \paperwidth=597.50787pt
* \paperheight=845.04675pt
* \textwidth=441.01773pt
* \textheight=706.23575pt
* \oddsidemargin=13.08827pt
* \evensidemargin=13.08827pt
* \topmargin=-72.26999pt
* \headheight=56.9055pt
* \headsep=25.0pt
* \topskip=11.0pt
* \footskip=30.0pt
* \marginparwidth=59.0pt
* \marginparsep=10.0pt
* \columnsep=10.0pt
* \skip\footins=10.0pt plus 4.0pt minus 2.0pt
* \hoffset=0.0pt
* \voffset=0.0pt
* \mag=1000
* \@twocolumnfalse
* \@twosidefalse
* \@mparswitchfalse
* \@reversemarginfalse
* (1in=72.27pt=25.4mm, 1cm=28.453pt)

(/usr/share/texlive/texmf-dist/tex/context/base/supp-pdf.mkii
[Loading MPS to PDF converter (version 2006.09.02).]
\scratchcounter=\count121
\scratchdimen=\dimen140
\scratchbox=\box29
\nofMPsegments=\count122
\nofMParguments=\count123
\everyMPshowfont=\toks21
\MPscratchCnt=\count124
\MPscratchDim=\dimen141
\MPnumerator=\count125
\makeMPintoPDFobject=\count126
\everyMPtoPDFconversion=\toks22
) (/usr/share/texlive/texmf-dist/tex/latex/oberdiek/epstopdf-base.sty
Package: epstopdf-base 2010/02/09 v2.5 Base part for package epstopdf

(/usr/share/texlive/texmf-dist/tex/latex/oberdiek/grfext.sty
Package: grfext 2010/08/19 v1.1 Manage graphics extensions (HO)
)
Package grfext Info: Graphics extension search list:
(grfext)             [.png,.pdf,.jpg,.mps,.jpeg,.jbig2,.jb2,.PNG,.PDF,.JPG,.JPE
G,.JBIG2,.JB2,.eps]
(grfext)             \AppendGraphicsExtensions on input line 452.

(/usr/share/texlive/texmf-dist/tex/latex/latexconfig/epstopdf-sys.cfg
File: epstopdf-sys.cfg 2010/07/13 v1.3 Configuration of (r)epstopdf for TeX Liv
e
))
\AtBeginShipoutBox=\box30
Package hyperref Info: Link coloring OFF on input line 16.

(/usr/share/texlive/texmf-dist/tex/latex/hyperref/nameref.sty
Package: nameref 2010/04/30 v2.40 Cross-referencing by name of section

(/usr/share/texlive/texmf-dist/tex/generic/oberdiek/gettitlestring.sty
Package: gettitlestring 2010/12/03 v1.4 Cleanup title references (HO)
)
\c@section@level=\count127
)
LaTeX Info: Redefining \ref on input line 16.
LaTeX Info: Redefining \pageref on input line 16.
LaTeX Info: Redefining \nameref on input line 16.
\@outlinefile=\write3
\openout3 = `Photos_interface_design.out'.



LaTeX Font Warning: Font shape `OT1/cmss/m/it' in size <14.4> not available
(Font)              Font shape `OT1/cmss/m/sl' tried instead on input line 19.

LaTeX Font Info:    Calculating math sizes for size <11> on input line 19.

LaTeX Font Warning: Font shape `OT1/cmr/m/n' in size <5.5> not available
(Font)              size <5> substituted on input line 19.


LaTeX Font Warning: Font shape `OML/cmm/m/it' in size <5.5> not available
(Font)              size <5> substituted on input line 19.


LaTeX Font Warning: Font shape `OMS/cmsy/m/n' in size <5.5> not available
(Font)              size <5> substituted on input line 19.

[0

{/var/lib/texmf/fonts/map/pdftex/updmap/pdftex.map}]
(./Photos_interface_design.toc [1])
\tf@toc=\write4
\openout4 = `Photos_interface_design.toc'.

 [2]

LaTeX Warning: Citation `Barberio:1990ms' on page 3 undefined on input line 25.



LaTeX Warning: Citation `Barberio:1993qi' on page 3 undefined on input line 25.



LaTeX Warning: Citation `Golonka:2006tw' on page 3 undefined on input line 29.


LaTeX Warning: Citation `Golonka:2005pn' on page 3 undefined on input line 31.


LaTeX Warning: Citation `Nanava:2006vv' on page 3 undefined on input line 34.


LaTeX Warning: Citation `Golonka:2006tw' on page 3 undefined on input line 35.


LaTeX Warning: Citation `Nanava:2006vv' on page 3 undefined on input line 35.


LaTeX Warning: Citation `Nanava:2009vg' on page 3 undefined on input line 35.


LaTeX Warning: Citation `Photos_tests' on page 3 undefined on input line 38.


LaTeX Warning: Citation `Kleiss:1990jv' on page 3 undefined on input line 47.


LaTeX Warning: Citation `Altarelli:1989wu' on page 3 undefined on input line 49
.


LaTeX Warning: Citation `Dobbs:2001ck' on page 3 undefined on input line 53.


LaTeX Warning: Citation `photosC++' on page 3 undefined on input line 59.


LaTeX Warning: Citation `Davidson:2008ma' on page 3 undefined on input line 63.



LaTeX Warning: Citation `Davidson:2010rw' on page 3 undefined on input line 64.



LaTeX Warning: Citation `Golonka:2006tw' on page 3 undefined on input line 104.



LaTeX Warning: Citation `Nanava:2006vv' on page 3 undefined on input line 104.


LaTeX Warning: Citation `photosplus' on page 3 undefined on input line 110.

[3]

LaTeX Warning: Citation `Golonka:2005pn' on page 4 undefined on input line 156.



LaTeX Warning: Citation `Golonka:2006tw' on page 4 undefined on input line 158.



LaTeX Warning: Citation `Nanava:2009vg' on page 4 undefined on input line 158.


LaTeX Warning: Citation `Dobbs:2001ck' on page 4 undefined on input line 160.


LaTeX Warning: Citation `Davidson:2008ma' on page 4 undefined on input line 167
.


LaTeX Warning: Citation `Golonka:2002rz' on page 4 undefined on input line 167.


[4]

LaTeX Warning: Citation `Sjostrand:2007gs' on page 5 undefined on input line 22
3.


LaTeX Warning: Citation `Bahr:2008pv' on page 5 undefined on input line 224.


LaTeX Warning: Citation `Gleisberg:2008ta' on page 5 undefined on input line 22
4.

[5]
LaTeX Font Info:    Try loading font information for OMS+cmr on input line 238.

 (/usr/share/texlive/texmf-dist/tex/latex/base/omscmr.fd
File: omscmr.fd 1999/05/25 v2.5h Standard LaTeX font definitions
)
LaTeX Font Info:    Font shape `OMS/cmr/m/n' in size <11> not available
(Font)              Font shape `OMS/cmsy/m/n' tried instead on input line 238.
 [6]

LaTeX Font Warning: Font shape `OT1/cmtt/m/n' in size <5.5> not available
(Font)              size <5> substituted on input line 300.

Package epstopdf Info: Source file: <interface_design.eps>
(epstopdf)                    date: 2010-08-08 22:35:07
(epstopdf)                    size: 83376 bytes
(epstopdf)             Output file: <interface_design-eps-converted-to.pdf>
(epstopdf)             Command: <repstopdf --outfile=interface_design-eps-conve
rted-to.pdf interface_design.eps>
(epstopdf)             \includegraphics on input line 325.
runsystem(repstopdf --outfile=interface_design-eps-converted-to.pdf interface_d
esign.eps)...executed safely (allowed).

Package epstopdf Info: Result file: <interface_design-eps-converted-to.pdf>
(epstopdf)                    date: 2015-02-13 12:02:03
(epstopdf)                    size: 50300 bytes.
<interface_design-eps-converted-to.pdf, id=150, 712.6625pt x 531.9875pt>
File: interface_design-eps-converted-to.pdf Graphic file (type pdf)

<use interface_design-eps-converted-to.pdf>
Package pdftex.def Info: interface_design-eps-converted-to.pdf used on input li
ne 325.
(pdftex.def)             Requested size: 427.6008pt x 319.19496pt.


LaTeX Warning: `!h' float specifier changed to `!ht'.


LaTeX Warning: Citation `Davidson:2010rw' on page 7 undefined on input line 357
.

[7] [8 <./interface_design-eps-converted-to.pdf>]
Overfull \hbox (1.67126pt too wide) in paragraph at lines 423--425
[]\OT1/cmr/bx/n/10.95 photos[]standalone[]example \OT1/cmr/m/n/10.95 - the most
 ba-sic ex-am-ple which loads pre-generated
 []

[9] [10]

LaTeX Warning: Citation `Barberio:1993qi' on page 11 undefined on input line 52
4.

[11]

LaTeX Warning: Citation `Nanava:2009vg' on page 12 undefined on input line 580.



LaTeX Warning: Citation `Golonka:2006tw' on page 12 undefined on input line 580
.


LaTeX Warning: Citation `Golonka:2005pn' on page 12 undefined on input line 580
.


LaTeX Warning: Citation `koralz4:1994' on page 12 undefined on input line 589.


LaTeX Warning: Citation `kkcpc:1999' on page 12 undefined on input line 589.


LaTeX Warning: Citation `Davidson:2008ma' on page 12 undefined on input line 58
9.


LaTeX Warning: Citation `koralz4:1994' on page 12 undefined on input line 609.


LaTeX Warning: Citation `kkcpc:1999' on page 12 undefined on input line 609.


LaTeX Warning: Citation `Barberio:1993qi' on page 12 undefined on input line 62
3.


LaTeX Warning: Citation `RichterWas:1994ep' on page 12 undefined on input line 
623.


LaTeX Warning: Citation `RichterWas:1993ta' on page 12 undefined on input line 
623.


LaTeX Warning: Citation `Nanava:2006vv' on page 12 undefined on input line 628.



LaTeX Warning: Citation `Nanava:2009vg' on page 12 undefined on input line 628.


[12]

LaTeX Warning: Citation `Antcheva:2009zz' on page 13 undefined on input line 66
1.


LaTeX Warning: Citation `Davidson:2008ma' on page 13 undefined on input line 66
1.


LaTeX Warning: Citation `Davidson:2008ma' on page 13 undefined on input line 67
7.


LaTeX Warning: Citation `Photos_tests' on page 13 undefined on input line 678.

[13]

LaTeX Warning: Citation `Photos_tests' on page 14 undefined on input line 697.


LaTeX Warning: Citation `Boillot:1988re' on page 14 undefined on input line 706
.


LaTeX Warning: Citation `tauolaC++' on page 14 undefined on input line 718.


LaTeX Warning: Citation `Davidson:2010rw' on page 14 undefined on input line 71
8.

Package epstopdf Info: Source file: <bremdec.eps>
(epstopdf)                    date: 2010-07-30 15:25:12
(epstopdf)                    size: 9771 bytes
(epstopdf)             Output file: <bremdec-eps-converted-to.pdf>
(epstopdf)             Command: <repstopdf --outfile=bremdec-eps-converted-to.p
df bremdec.eps>
(epstopdf)             \includegraphics on input line 728.
runsystem(repstopdf --outfile=bremdec-eps-converted-to.pdf bremdec.eps)...execu
ted safely (allowed).

Package epstopdf Info: Result file: <bremdec-eps-converted-to.pdf>
(epstopdf)                    date: 2015-02-13 12:02:04
(epstopdf)                    size: 7581 bytes.
<bremdec-eps-converted-to.pdf, id=225, 569.12625pt x 355.3275pt>
File: bremdec-eps-converted-to.pdf Graphic file (type pdf)

<use bremdec-eps-converted-to.pdf>
Package pdftex.def Info: bremdec-eps-converted-to.pdf used on input line 728.
(pdftex.def)             Requested size: 199.19717pt x 124.36647pt.
Package epstopdf Info: Source file: <bremall.eps>
(epstopdf)                    date: 2010-07-30 15:25:12
(epstopdf)                    size: 10085 bytes
(epstopdf)             Output file: <bremall-eps-converted-to.pdf>
(epstopdf)             Command: <repstopdf --outfile=bremall-eps-converted-to.p
df bremall.eps>
(epstopdf)             \includegraphics on input line 731.
runsystem(repstopdf --outfile=bremall-eps-converted-to.pdf bremall.eps)...execu
ted safely (allowed).

Package epstopdf Info: Result file: <bremall-eps-converted-to.pdf>
(epstopdf)                    date: 2015-02-13 12:02:05
(epstopdf)                    size: 7710 bytes.

<bremall-eps-converted-to.pdf, id=226, 569.12625pt x 355.3275pt>
File: bremall-eps-converted-to.pdf Graphic file (type pdf)

<use bremall-eps-converted-to.pdf>
Package pdftex.def Info: bremall-eps-converted-to.pdf used on input line 731.
(pdftex.def)             Requested size: 199.19717pt x 124.36647pt.


LaTeX Warning: Citation `Eberhard:1989ve' on page 14 undefined on input line 74
4.


LaTeX Warning: Citation `Eberhard:1989ve' on page 14 undefined on input line 74
4.

Package epstopdf Info: Source file: <coplanarity-angle-C-photon-over-1-GeV.eps>

(epstopdf)                    date: 2010-08-12 15:23:11
(epstopdf)                    size: 11701 bytes
(epstopdf)             Output file: <coplanarity-angle-C-photon-over-1-GeV-eps-
converted-to.pdf>
(epstopdf)             Command: <repstopdf --outfile=coplanarity-angle-C-photon
-over-1-GeV-eps-converted-to.pdf coplanarity-angle-C-photon-over-1-GeV.eps>
(epstopdf)             \includegraphics on input line 750.
runsystem(repstopdf --outfile=coplanarity-angle-C-photon-over-1-GeV-eps-convert
ed-to.pdf coplanarity-angle-C-photon-over-1-GeV.eps)...executed safely (allowed
).

Package epstopdf Info: Result file: <coplanarity-angle-C-photon-over-1-GeV-eps-
converted-to.pdf>
(epstopdf)                    date: 2015-02-13 12:02:05
(epstopdf)                    size: 7373 bytes.

<coplanarity-angle-C-photon-over-1-GeV-eps-converted-to.pdf, id=227, 569.12625p
t x 355.3275pt>
File: coplanarity-angle-C-photon-over-1-GeV-eps-converted-to.pdf Graphic file (
type pdf)

<use coplanarity-angle-C-photon-over-1-GeV-eps-converted-to.pdf>
Package pdftex.def Info: coplanarity-angle-C-photon-over-1-GeV-eps-converted-to
.pdf used on input line 750.
(pdftex.def)             Requested size: 199.19717pt x 124.36647pt.
Package epstopdf Info: Source file: <coplanarity-angle-D-photon-over-1-GeV.eps>

(epstopdf)                    date: 2010-08-12 15:23:11
(epstopdf)                    size: 11717 bytes
(epstopdf)             Output file: <coplanarity-angle-D-photon-over-1-GeV-eps-
converted-to.pdf>
(epstopdf)             Command: <repstopdf --outfile=coplanarity-angle-D-photon
-over-1-GeV-eps-converted-to.pdf coplanarity-angle-D-photon-over-1-GeV.eps>
(epstopdf)             \includegraphics on input line 753.
runsystem(repstopdf --outfile=coplanarity-angle-D-photon-over-1-GeV-eps-convert
ed-to.pdf coplanarity-angle-D-photon-over-1-GeV.eps)...executed safely (allowed
).

Package epstopdf Info: Result file: <coplanarity-angle-D-photon-over-1-GeV-eps-
converted-to.pdf>
(epstopdf)                    date: 2015-02-13 12:02:06
(epstopdf)                    size: 7356 bytes.

<coplanarity-angle-D-photon-over-1-GeV-eps-converted-to.pdf, id=228, 569.12625p
t x 355.3275pt>
File: coplanarity-angle-D-photon-over-1-GeV-eps-converted-to.pdf Graphic file (
type pdf)

<use coplanarity-angle-D-photon-over-1-GeV-eps-converted-to.pdf>
Package pdftex.def Info: coplanarity-angle-D-photon-over-1-GeV-eps-converted-to
.pdf used on input line 753.
(pdftex.def)             Requested size: 199.19717pt x 124.36647pt.


LaTeX Warning: Citation `Bower:2002zx' on page 14 undefined on input line 772.


LaTeX Warning: Citation `Desch:2003rw' on page 14 undefined on input line 772.


LaTeX Warning: Citation `Bower:2002zx' on page 14 undefined on input line 772.


LaTeX Warning: Citation `Desch:2003rw' on page 14 undefined on input line 772.


LaTeX Warning: `!h' float specifier changed to `!ht'.


LaTeX Warning: Citation `Adam:2008ge' on page 14 undefined on input line 776.

[14 <./bremdec-eps-converted-to.pdf> <./bremall-eps-converted-to.pdf>]

LaTeX Warning: Citation `CarloniCalame:2003ux' on page 15 undefined on input li
ne 786.


LaTeX Warning: Citation `Winhac' on page 15 undefined on input line 786.

Package epstopdf Info: Source file: <lineshape.eps>
(epstopdf)                    date: 2010-08-04 22:42:32
(epstopdf)                    size: 14876 bytes
(epstopdf)             Output file: <lineshape-eps-converted-to.pdf>
(epstopdf)             Command: <repstopdf --outfile=lineshape-eps-converted-to
.pdf lineshape.eps>
(epstopdf)             \includegraphics on input line 792.
runsystem(repstopdf --outfile=lineshape-eps-converted-to.pdf lineshape.eps)...e
xecuted safely (allowed).

Package epstopdf Info: Result file: <lineshape-eps-converted-to.pdf>
(epstopdf)                    date: 2015-02-13 12:02:06
(epstopdf)                    size: 7783 bytes.
<lineshape-eps-converted-to.pdf, id=258, 569.12625pt x 355.3275pt>
File: lineshape-eps-converted-to.pdf Graphic file (type pdf)

<use lineshape-eps-converted-to.pdf>
Package pdftex.def Info: lineshape-eps-converted-to.pdf used on input line 792.

(pdftex.def)             Requested size: 483.7596pt x 302.02979pt.

Overfull \hbox (42.74187pt too wide) in paragraph at lines 792--802
 [][] 
 []


LaTeX Warning: `!h' float specifier changed to `!ht'.


LaTeX Warning: Citation `RichterWas:1993ta' on page 15 undefined on input line 
807.


LaTeX Warning: Citation `Golonka:2002rz' on page 15 undefined on input line 833
.


LaTeX Warning: Citation `Golonka:2002rz' on page 15 undefined on input line 835
.


LaTeX Warning: Citation `kkcpc:1999' on page 15 undefined on input line 843.

[15 <./coplanarity-angle-C-photon-over-1-GeV-eps-converted-to.pdf> <./coplanari
ty-angle-D-photon-over-1-GeV-eps-converted-to.pdf>] [16 <./lineshape-eps-conver
ted-to.pdf>]
Package epstopdf Info: Source file: <M1@0001.eps>
(epstopdf)                    date: 2010-07-27 20:56:44
(epstopdf)                    size: 10861 bytes
(epstopdf)             Output file: <M1@0001-eps-converted-to.pdf>
(epstopdf)             Command: <repstopdf --outfile=M1@0001-eps-converted-to.p
df M1@0001.eps>
(epstopdf)             \includegraphics on input line 875.
runsystem(repstopdf --outfile=M1@0001-eps-converted-to.pdf M1@0001.eps)...execu
ted safely (allowed).

Package epstopdf Info: Result file: <M1@0001-eps-converted-to.pdf>
(epstopdf)                    date: 2015-02-13 12:02:07
(epstopdf)                    size: 7158 bytes.
 <M1@0001-eps-converted-to.pdf, id=299, 569.12625pt x 355.3275pt>
File: M1@0001-eps-converted-to.pdf Graphic file (type pdf)

<use M1@0001-eps-converted-to.pdf>
Package pdftex.def Info: M1@0001-eps-converted-to.pdf used on input line 875.
(pdftex.def)             Requested size: 199.19717pt x 124.36647pt.
Package epstopdf Info: Source file: <b-M1@0001.eps>
(epstopdf)                    date: 2010-07-28 07:21:58
(epstopdf)                    size: 11605 bytes
(epstopdf)             Output file: <b-M1@0001-eps-converted-to.pdf>
(epstopdf)             Command: <repstopdf --outfile=b-M1@0001-eps-converted-to
.pdf b-M1@0001.eps>
(epstopdf)             \includegraphics on input line 878.
runsystem(repstopdf --outfile=b-M1@0001-eps-converted-to.pdf b-M1@0001.eps)...e
xecuted safely (allowed).

Package epstopdf Info: Result file: <b-M1@0001-eps-converted-to.pdf>
(epstopdf)                    date: 2015-02-13 12:02:08
(epstopdf)                    size: 7269 bytes.

<b-M1@0001-eps-converted-to.pdf, id=300, 569.12625pt x 355.3275pt>
File: b-M1@0001-eps-converted-to.pdf Graphic file (type pdf)

<use b-M1@0001-eps-converted-to.pdf>
Package pdftex.def Info: b-M1@0001-eps-converted-to.pdf used on input line 878.

(pdftex.def)             Requested size: 199.19717pt x 124.36647pt.


LaTeX Warning: Citation `Golonka:2005pn' on page 17 undefined on input line 910
.


LaTeX Warning: Citation `Golonka:2006tw' on page 17 undefined on input line 910
.


LaTeX Warning: Citation `Jadach:1995pd' on page 17 undefined on input line 914.



LaTeX Warning: Citation `Arbuzov:1996eq' on page 17 undefined on input line 914
.


LaTeX Warning: Citation `Jadach:1999gz' on page 17 undefined on input line 919.



LaTeX Warning: Citation `Adam:2008ge' on page 17 undefined on input line 930.


LaTeX Warning: Citation `Davidson:2010rw' on page 17 undefined on input line 93
3.


LaTeX Warning: Citation `Bardin-private' on page 17 undefined on input line 934
.

[17 <./M1@0001-eps-converted-to.pdf> <./b-M1@0001-eps-converted-to.pdf>]

LaTeX Warning: Citation `Abdallah:2010tk' on page 18 undefined on input line 93
8.


LaTeX Warning: Citation `Golonka:2006tw' on page 18 undefined on input line 962
.


LaTeX Warning: Citation `Nanava:2006vv' on page 18 undefined on input line 962.



LaTeX Warning: Citation `Nanava:2009vg' on page 18 undefined on input line 962.



LaTeX Warning: Citation `Arbuzov:2012dx' on page 18 undefined on input line 971
.

No file Photos_interface_design.bbl.
[18] [19]

LaTeX Warning: Citation `Golonka:2005pn' on page 20 undefined on input line 111
8.

[20]

LaTeX Warning: Citation `Dobbs:2001ck' on page 21 undefined on input line 1146.



LaTeX Warning: Citation `root-install-www' on page 21 undefined on input line 1
152.


LaTeX Warning: Citation `Sjostrand:2007gs' on page 21 undefined on input line 1
153.


LaTeX Warning: Citation `Golonka:2002rz' on page 21 undefined on input line 115
5.


LaTeX Warning: Citation `Davidson:2008ma' on page 21 undefined on input line 11
55.


LaTeX Warning: Citation `Davidson:2010rw' on page 21 undefined on input line 11
57.

[21]

LaTeX Warning: Citation `Davidson:2008ma' on page 22 undefined on input line 11
79.


Overfull \hbox (18.14986pt too wide) in paragraph at lines 1196--1200
\OT1/cmr/m/n/10.95 To set the ap-pro-pri-ate paths, the scripts \OT1/cmtt/m/n/1
0.95 platform/afs.paths.sh \OT1/cmr/m/n/10.95 and \OT1/cmtt/m/n/10.95 platform/
afs.paths.csh
 []


LaTeX Warning: Citation `LCG' on page 22 undefined on input line 1208.


LaTeX Warning: Citation `Kirsanov:2008zz' on page 22 undefined on input line 12
08.


Overfull \hbox (13.89452pt too wide) in paragraph at lines 1204--1209
[]\OT1/cmr/m/n/10.95 For our project still an-other con-fig-u-ra-tion/automake 
sys-tem was pre-pared for use in LCG/Genser
 []


LaTeX Warning: Citation `autotools' on page 22 undefined on input line 1210.


Overfull \hbox (5.57495pt too wide) in paragraph at lines 1210--1216
[]\OT1/cmr/m/n/10.95 For the pur-pose of ac-ti-va-tion of this set of autotools
[[]]-based in-stal-la-tion scripts en-ter \OT1/cmtt/m/n/10.95 platform
 []

[22] [23]
Overfull \hbox (89.32213pt too wide) in paragraph at lines 1310--1311
[]\OT1/cmr/m/n/10.95 add \OT1/cmtt/m/n/10.95 <PhotosLocation>/lib/libPhotosCxxI
nterface.a <PhotosLocation>/lib/libPhotosFortran.a
 []


Overfull \hbox (18.91554pt too wide) in paragraph at lines 1316--1317
[]\OT1/cmtt/m/n/10.95 PHOTOS \OT1/cmr/m/n/10.95 li-braries must be pro-vided fo
r the ex-e-cutable; e.g. with the help of \OT1/cmtt/m/n/10.95 LD[]LIBRARY[]PATH
\OT1/cmr/m/n/10.95 . 
 []


Overfull \hbox (54.55171pt too wide) in paragraph at lines 1325--1330
\OT1/cmtt/m/n/10.95 PHOTOS C++ Interface \OT1/cmr/m/n/10.95 to be in-voked from
 the \OT1/cmtt/m/n/10.95 FORTRAN \OT1/cmr/m/n/10.95 project. An ex-am-ple \OT1/
cmtt/m/n/10.95 photos[]hepevt[]example.f
 []

[24]
Underfull \hbox (badness 10000) in paragraph at lines 1362--1364

 []


Underfull \hbox (badness 10000) in paragraph at lines 1362--1364

 []


Underfull \hbox (badness 10000) in paragraph at lines 1386--1402

 []

[25] [26] [27]

LaTeX Warning: Citation `James:1988vf' on page 28 undefined on input line 1556.



LaTeX Warning: Citation `marsaglia:1987' on page 28 undefined on input line 155
6.


LaTeX Warning: Citation `James:1988vf' on page 28 undefined on input line 1558.



LaTeX Warning: Citation `marsaglia:1987' on page 28 undefined on input line 155
8.

[28]
Overfull \hbox (8.46884pt too wide) in paragraph at lines 1599--1606
\OT1/cmr/m/n/10.95 cuted func-tion will take ef-fect. Up to ver-sion 3.51, op-t
ion ac-tive if \OT1/cmtt/m/n/10.95 forceMassFrom4Vector
 []


Overfull \hbox (48.64888pt too wide) in paragraph at lines 1599--1606
\OT1/cmtt/m/n/10.95 = true \OT1/cmr/m/n/10.95 (de-fault). From ver-sion 3.52, o
p-tion works re-gard-less of set-ting of \OT1/cmtt/m/n/10.95 forceMassFrom4Vect
or\OT1/cmr/m/n/10.95 . 
 []

[29]
Overfull \hbox (5.7703pt too wide) in paragraph at lines 1623--1626
[]\OT1/cmtt/m/n/10.95 Photos::ignoreParticlesOfStatus(int status) \OT1/cmr/m/n/
10.95 De-cay prod-ucts with the sta-tus code
 []


Overfull \hbox (43.03308pt too wide) in paragraph at lines 1630--1636
[]\OT1/cmtt/m/n/10.95 Photos::setMomentumConservationThreshold(double momentum[
]conservation[]threshold) 
 []


LaTeX Warning: Citation `Davidson:2008ma' on page 30 undefined on input line 16
58.


LaTeX Warning: Citation `Golonka:2002rz' on page 30 undefined on input line 166
6.

Package atveryend Info: Empty hook `BeforeClearDocument' on input line 1678.
[30] [31]
Package atveryend Info: Empty hook `AfterLastShipout' on input line 1678.
 (./Photos_interface_design.aux)
Package atveryend Info: Executing hook `AtVeryEndDocument' on input line 1678.
Package atveryend Info: Executing hook `AtEndAfterFileList' on input line 1678.



Package rerunfilecheck Warning: File `Photos_interface_design.out' has changed.

(rerunfilecheck)                Rerun to get outlines right
(rerunfilecheck)                or use package `bookmark'.

Package rerunfilecheck Info: Checksums for `Photos_interface_design.out':
(rerunfilecheck)             Before: <no file>
(rerunfilecheck)             After:  758A57C21C8709C7EF7BF09FE2247664;2660.

LaTeX Font Warning: Size substitutions with differences
(Font)              up to 0.5pt have occurred.


LaTeX Warning: There were undefined references.

Package atveryend Info: Empty hook `AtVeryVeryEnd' on input line 1678.
 ) 
Here is how much of TeX's memory you used:
 6604 strings out of 495048
 96263 string characters out of 3181553
 200652 words of memory out of 3000000
 9579 multiletter control sequences out of 15000+200000
 18922 words of font info for 69 fonts, out of 3000000 for 9000
 14 hyphenation exceptions out of 8191
 31i,9n,33p,1155b,452s stack positions out of 5000i,500n,10000p,200000b,50000s
</usr/share/texlive/texmf-dist/fonts/type1/public/amsfonts/cm/cmbx10.pfb></us
r/share/texlive/texmf-dist/fonts/type1/public/amsfonts/cm/cmbx12.pfb></usr/shar
e/texlive/texmf-dist/fonts/type1/public/amsfonts/cm/cmbx9.pfb></usr/share/texli
ve/texmf-dist/fonts/type1/public/amsfonts/cm/cmex10.pfb></usr/share/texlive/tex
mf-dist/fonts/type1/public/amsfonts/cm/cmmi10.pfb></usr/share/texlive/texmf-dis
t/fonts/type1/public/amsfonts/cm/cmmi12.pfb></usr/share/texlive/texmf-dist/font
s/type1/public/amsfonts/cm/cmmi5.pfb></usr/share/texlive/texmf-dist/fonts/type1
/public/amsfonts/cm/cmmi6.pfb></usr/share/texlive/texmf-dist/fonts/type1/public
/amsfonts/cm/cmmi8.pfb></usr/share/texlive/texmf-dist/fonts/type1/public/amsfon
ts/cm/cmmi9.pfb></usr/share/texlive/texmf-dist/fonts/type1/public/amsfonts/cm/c
mr10.pfb></usr/share/texlive/texmf-dist/fonts/type1/public/amsfonts/cm/cmr6.pfb
></usr/share/texlive/texmf-dist/fonts/type1/public/amsfonts/cm/cmr8.pfb></usr/s
hare/texlive/texmf-dist/fonts/type1/public/amsfonts/cm/cmr9.pfb></usr/share/tex
live/texmf-dist/fonts/type1/public/amsfonts/cm/cmss17.pfb></usr/share/texlive/t
exmf-dist/fonts/type1/public/amsfonts/cm/cmssbx10.pfb></usr/share/texlive/texmf
-dist/fonts/type1/public/amsfonts/cm/cmssi12.pfb></usr/share/texlive/texmf-dist
/fonts/type1/public/amsfonts/cm/cmsy10.pfb></usr/share/texlive/texmf-dist/fonts
/type1/public/amsfonts/cm/cmsy6.pfb></usr/share/texlive/texmf-dist/fonts/type1/
public/amsfonts/cm/cmsy8.pfb></usr/share/texlive/texmf-dist/fonts/type1/public/
amsfonts/cm/cmsy9.pfb></usr/share/texlive/texmf-dist/fonts/type1/public/amsfont
s/cm/cmti10.pfb></usr/share/texlive/texmf-dist/fonts/type1/public/amsfonts/cm/c
mtt10.pfb></usr/share/texlive/texmf-dist/fonts/type1/public/amsfonts/cm/cmtt12.
pfb></usr/share/texlive/texmf-dist/fonts/type1/public/amsfonts/cm/cmtt9.pfb>
Output written on Photos_interface_design.pdf (32 pages, 471947 bytes).
PDF statistics:
 505 PDF objects out of 1000 (max. 8388607)
 420 compressed objects within 5 object streams
 119 named destinations out of 1000 (max. 500000)
 41 words of extra memory for PDF output out of 10000 (max. 10000000)

